#
# There is insufficient memory for the Java Runtime Environment to continue.
# Native memory allocation (malloc) failed to allocate 146416 bytes. Error detail: Chunk::new
# Possible reasons:
#   The system is out of physical RAM or swap space
#   This process is running with CompressedOops enabled, and the Java Heap may be blocking the growth of the native heap
# Possible solutions:
#   Reduce memory load on the system
#   Increase physical memory or swap space
#   Check if swap backing store is full
#   Decrease Java heap size (-Xmx/-Xms)
#   Decrease number of Java threads
#   Decrease Java thread stack sizes (-Xss)
#   Set larger code cache with -XX:ReservedCodeCacheSize=
#   JVM is running with Unscaled Compressed Oops mode in which the Java heap is
#     placed in the first 4GB address space. The Java Heap base address is the
#     maximum limit for the native heap growth. Please use -XX:HeapBaseMinAddress
#     to set the Java Heap base and to place the Java Heap above 4GB virtual address.
# This output file may be truncated or incomplete.
#
#  Out of Memory Error (arena.cpp:168), pid=2856, tid=3108
#
# JRE version: OpenJDK Runtime Environment Temurin-21.0.6+7 (21.0.6+7) (build 21.0.6+7-LTS)
# Java VM: OpenJDK 64-Bit Server VM Temurin-21.0.6+7 (21.0.6+7-LTS, mixed mode, sharing, tiered, compressed oops, compressed class ptrs, parallel gc, windows-amd64)
# No core dump will be written. Minidumps are not enabled by default on client versions of Windows
#

---------------  S U M M A R Y ------------

Command Line: --add-modules=ALL-SYSTEM --add-opens=java.base/java.util=ALL-UNNAMED --add-opens=java.base/java.lang=ALL-UNNAMED --add-opens=java.base/sun.nio.fs=ALL-UNNAMED -Declipse.application=org.eclipse.jdt.ls.core.id1 -Dosgi.bundles.defaultStartLevel=4 -Declipse.product=org.eclipse.jdt.ls.core.product -Djava.import.generatesMetadataFilesAtProjectRoot=false -DDetectVMInstallationsJob.disabled=true -Dfile.encoding=utf8 -XX:+UseParallelGC -XX:GCTimeRatio=4 -XX:AdaptiveSizePolicyWeight=90 -Dsun.zip.disableMemoryMapping=true -Xmx1G -Xms100m -Xlog:disable -javaagent:c:\Users\acer\.vscode\extensions\redhat.java-1.41.1-win32-x64\lombok\lombok-1.18.36.jar c:\Users\acer\.vscode\extensions\redhat.java-1.41.1-win32-x64\server\plugins\org.eclipse.equinox.launcher_1.7.0.v20250331-1702.jar -configuration c:\Users\acer\AppData\Roaming\Code\User\globalStorage\redhat.java\1.41.1\config_ss_win -data c:\Users\acer\AppData\Roaming\Code\User\workspaceStorage\1ece6b4978bab227496712e48a10b659\redhat.java\ss_ws --pipe=\\.\pipe\lsp-4d58ea8b28a9d742458ca65334fe1a28-sock

Host: Intel(R) Celeron(R) N4100 CPU @ 1.10GHz, 4 cores, 3G,  Windows 11 , 64 bit Build 22621 (10.0.22621.2191)
Time: Wed Apr 30 20:27:46 2025 Egypt Summer Time elapsed time: 5.381766 seconds (0d 0h 0m 5s)

---------------  T H R E A D  ---------------

Current thread (0x0000026f63567ff0):  JavaThread "C2 CompilerThread0" daemon [_thread_in_native, id=3108, stack(0x0000007dd4000000,0x0000007dd4100000) (1024K)]


Current CompileTask:
C2:5382 1547       4       lombok.patcher.scripts.AddFieldScript::patch (55 bytes)

Stack: [0x0000007dd4000000,0x0000007dd4100000]
Native frames: (J=compiled Java code, j=interpreted, Vv=VM code, C=native code)
V  [jvm.dll+0x6cdee9]
V  [jvm.dll+0x8a83d1]
V  [jvm.dll+0x8aa8fe]
V  [jvm.dll+0x8aafe3]
V  [jvm.dll+0x27f706]
V  [jvm.dll+0xc500d]
V  [jvm.dll+0xc5543]
V  [jvm.dll+0x3b6752]
V  [jvm.dll+0x382935]
V  [jvm.dll+0x381d9a]
V  [jvm.dll+0x2479f0]
V  [jvm.dll+0x246fcf]
V  [jvm.dll+0x1c75ee]
V  [jvm.dll+0x25685a]
V  [jvm.dll+0x254dfa]
V  [jvm.dll+0x3f0256]
V  [jvm.dll+0x851f8b]
V  [jvm.dll+0x6cc5ed]
C  [ucrtbase.dll+0x29363]
C  [KERNEL32.DLL+0x126ad]
C  [ntdll.dll+0x5aa78]


---------------  P R O C E S S  ---------------

Threads class SMR info:
_java_thread_list=0x0000026f64d61390, length=12, elements={
0x0000026f4f21de60, 0x0000026f4f2c8bd0, 0x0000026f4f2cb4e0, 0x0000026f63544f70,
0x0000026f635659d0, 0x0000026f63566420, 0x0000026f63566e70, 0x0000026f63567ff0,
0x0000026f63597d80, 0x0000026f6430ab90, 0x0000026f64596370, 0x0000026f69194020
}

Java Threads: ( => current thread )
  0x0000026f4f21de60 JavaThread "main"                              [_thread_in_vm, id=13676, stack(0x0000007dd3600000,0x0000007dd3700000) (1024K)]
  0x0000026f4f2c8bd0 JavaThread "Reference Handler"          daemon [_thread_blocked, id=12968, stack(0x0000007dd3a00000,0x0000007dd3b00000) (1024K)]
  0x0000026f4f2cb4e0 JavaThread "Finalizer"                  daemon [_thread_blocked, id=1292, stack(0x0000007dd3b00000,0x0000007dd3c00000) (1024K)]
  0x0000026f63544f70 JavaThread "Signal Dispatcher"          daemon [_thread_blocked, id=15128, stack(0x0000007dd3c00000,0x0000007dd3d00000) (1024K)]
  0x0000026f635659d0 JavaThread "Attach Listener"            daemon [_thread_blocked, id=10924, stack(0x0000007dd3d00000,0x0000007dd3e00000) (1024K)]
  0x0000026f63566420 JavaThread "Service Thread"             daemon [_thread_blocked, id=17768, stack(0x0000007dd3e00000,0x0000007dd3f00000) (1024K)]
  0x0000026f63566e70 JavaThread "Monitor Deflation Thread"   daemon [_thread_blocked, id=13768, stack(0x0000007dd3f00000,0x0000007dd4000000) (1024K)]
=>0x0000026f63567ff0 JavaThread "C2 CompilerThread0"         daemon [_thread_in_native, id=3108, stack(0x0000007dd4000000,0x0000007dd4100000) (1024K)]
  0x0000026f63597d80 JavaThread "C1 CompilerThread0"         daemon [_thread_blocked, id=12952, stack(0x0000007dd4100000,0x0000007dd4200000) (1024K)]
  0x0000026f6430ab90 JavaThread "Common-Cleaner"             daemon [_thread_blocked, id=8896, stack(0x0000007dd4200000,0x0000007dd4300000) (1024K)]
  0x0000026f64596370 JavaThread "Notification Thread"        daemon [_thread_blocked, id=11468, stack(0x0000007dd4300000,0x0000007dd4400000) (1024K)]
  0x0000026f69194020 JavaThread "Active Thread: Equinox Container: 5839c1c4-9e96-4f30-bfdd-c7fcefdd1fef"        [_thread_blocked, id=2060, stack(0x0000007dd4700000,0x0000007dd4800000) (1024K)]
Total: 12

Other Threads:
  0x0000026f6353f940 VMThread "VM Thread"                           [id=13612, stack(0x0000007dd3900000,0x0000007dd3a00000) (1024K)]
  0x0000026f634dcb00 WatcherThread "VM Periodic Task Thread"        [id=9012, stack(0x0000007dd3800000,0x0000007dd3900000) (1024K)]
  0x0000026f4f22e820 WorkerThread "GC Thread#0"                     [id=6200, stack(0x0000007dd3700000,0x0000007dd3800000) (1024K)]
  0x0000026f6474f010 WorkerThread "GC Thread#1"                     [id=11072, stack(0x0000007dd4400000,0x0000007dd4500000) (1024K)]
  0x0000026f6474f3b0 WorkerThread "GC Thread#2"                     [id=16572, stack(0x0000007dd4500000,0x0000007dd4600000) (1024K)]
  0x0000026f6474f750 WorkerThread "GC Thread#3"                     [id=17244, stack(0x0000007dd4600000,0x0000007dd4700000) (1024K)]
Total: 6

Threads with active compile tasks:
C2 CompilerThread0  5458 1547       4       lombok.patcher.scripts.AddFieldScript::patch (55 bytes)
Total: 1

VM state: not at safepoint (normal execution)

VM Mutex/Monitor currently owned by a thread: None

Heap address: 0x00000000c0000000, size: 1024 MB, Compressed Oops mode: 32-bit

CDS archive(s) mapped at: [0x0000026f00000000-0x0000026f00ba0000-0x0000026f00ba0000), size 12189696, SharedBaseAddress: 0x0000026f00000000, ArchiveRelocationMode: 1.
Compressed class space mapped at: 0x0000026f01000000-0x0000026f41000000, reserved size: 1073741824
Narrow klass base: 0x0000026f00000000, Narrow klass shift: 0, Narrow klass range: 0x100000000

GC Precious Log:
 CardTable entry size: 512
 CPUs: 4 total, 4 available
 Memory: 3918M
 Large Page Support: Disabled
 NUMA Support: Disabled
 Compressed Oops: Enabled (32-bit)
 Alignments: Space 512K, Generation 512K, Heap 2M
 Heap Min Capacity: 100M
 Heap Initial Capacity: 100M
 Heap Max Capacity: 1G
 Pre-touch: Disabled
 Parallel Workers: 4

Heap:
 PSYoungGen      total 29696K, used 20676K [0x00000000eab00000, 0x00000000ecc00000, 0x0000000100000000)
  eden space 25600K, 68% used [0x00000000eab00000,0x00000000ebc0d7a8,0x00000000ec400000)
  from space 4096K, 78% used [0x00000000ec400000,0x00000000ec723aa0,0x00000000ec800000)
  to   space 4096K, 0% used [0x00000000ec800000,0x00000000ec800000,0x00000000ecc00000)
 ParOldGen       total 68608K, used 16K [0x00000000c0000000, 0x00000000c4300000, 0x00000000eab00000)
  object space 68608K, 0% used [0x00000000c0000000,0x00000000c0004000,0x00000000c4300000)
 Metaspace       used 7157K, committed 7424K, reserved 1114112K
  class space    used 691K, committed 832K, reserved 1048576K

Card table byte_map: [0x0000026f4ebd0000,0x0000026f4ede0000] _byte_map_base: 0x0000026f4e5d0000

Marking Bits: (ParMarkBitMap*) 0x00007ff95a803260
 Begin Bits: [0x0000026f61400000, 0x0000026f62400000)
 End Bits:   [0x0000026f62400000, 0x0000026f63400000)

Polling page: 0x0000026f4d2a0000

Metaspace:

Usage:
  Non-class:      6.32 MB used.
      Class:    691.09 KB used.
       Both:      6.99 MB used.

Virtual space:
  Non-class space:       64.00 MB reserved,       6.44 MB ( 10%) committed,  1 nodes.
      Class space:        1.00 GB reserved,     832.00 KB ( <1%) committed,  1 nodes.
             Both:        1.06 GB reserved,       7.25 MB ( <1%) committed. 

Chunk freelists:
   Non-Class:  9.27 MB
       Class:  15.01 MB
        Both:  24.27 MB

MaxMetaspaceSize: unlimited
CompressedClassSpaceSize: 1.00 GB
Initial GC threshold: 21.00 MB
Current GC threshold: 21.00 MB
CDS: on
 - commit_granule_bytes: 65536.
 - commit_granule_words: 8192.
 - virtual_space_node_default_size: 8388608.
 - enlarge_chunks_in_place: 1.
 - use_allocation_guard: 0.


Internal statistics:

num_allocs_failed_limit: 0.
num_arena_births: 218.
num_arena_deaths: 0.
num_vsnodes_births: 2.
num_vsnodes_deaths: 0.
num_space_committed: 116.
num_space_uncommitted: 0.
num_chunks_returned_to_freelist: 0.
num_chunks_taken_from_freelist: 373.
num_chunk_merges: 0.
num_chunk_splits: 252.
num_chunks_enlarged: 164.
num_inconsistent_stats: 0.

CodeHeap 'non-profiled nmethods': size=120000Kb used=597Kb max_used=597Kb free=119402Kb
 bounds [0x0000026f59ed0000, 0x0000026f5a140000, 0x0000026f61400000]
CodeHeap 'profiled nmethods': size=120000Kb used=2681Kb max_used=2681Kb free=117318Kb
 bounds [0x0000026f52400000, 0x0000026f526a0000, 0x0000026f59930000]
CodeHeap 'non-nmethods': size=5760Kb used=1208Kb max_used=1231Kb free=4551Kb
 bounds [0x0000026f59930000, 0x0000026f59ba0000, 0x0000026f59ed0000]
 total_blobs=2064 nmethods=1588 adapters=384
 compilation: enabled
              stopped_count=0, restarted_count=0
 full_count=0

Compilation events (20 events):
Event: 5.336 Thread 0x0000026f63567ff0 

Event: 5.336 Thread 0x0000026f63567ff0 1547       4       lombok.patcher.scripts.AddFieldScript::patch (55 bytes)
Event: 5.354 Thread 0x0000026f63597d80 1570       3       java.lang.ClassLoader::getParent (32 bytes)
Event: 5.355 Thread 0x0000026f63597d80 nmethod 1570 0x0000026f52694890 code [0x0000026f52694a40, 0x0000026f52694c98]
Event: 5.355 Thread 0x0000026f63597d80 1571       1       org.eclipse.osgi.container.ModuleRevisions::getModule (5 bytes)
Event: 5.355 Thread 0x0000026f63597d80 nmethod 1571 0x0000026f59f64310 code [0x0000026f59f644a0, 0x0000026f59f64568]
Event: 5.370 Thread 0x0000026f63597d80 1572       3       java.util.zip.InflaterInputStream::<init> (70 bytes)
Event: 5.371 Thread 0x0000026f63597d80 nmethod 1572 0x0000026f52694d90 code [0x0000026f52694f80, 0x0000026f52695570]
Event: 5.372 Thread 0x0000026f63597d80 1573       3       java.util.zip.ZipFile$InflaterCleanupAction::<init> (15 bytes)
Event: 5.372 Thread 0x0000026f63597d80 nmethod 1573 0x0000026f52695790 code [0x0000026f52695940, 0x0000026f52695ad8]
Event: 5.372 Thread 0x0000026f63597d80 1574   !   3       java.util.zip.ZipFile$ZipFileInflaterInputStream::close (67 bytes)
Event: 5.373 Thread 0x0000026f63597d80 nmethod 1574 0x0000026f52695b90 code [0x0000026f52695de0, 0x0000026f52696630]
Event: 5.374 Thread 0x0000026f63597d80 1575       3       java.util.zip.InflaterInputStream::close (34 bytes)
Event: 5.374 Thread 0x0000026f63597d80 nmethod 1575 0x0000026f52696a10 code [0x0000026f52696be0, 0x0000026f52696e80]
Event: 5.374 Thread 0x0000026f63597d80 1578   !   3       java.util.zip.ZipFile$CleanableResource::getInflater (47 bytes)
Event: 5.375 Thread 0x0000026f63597d80 nmethod 1578 0x0000026f52696f90 code [0x0000026f52697180, 0x0000026f526976a0]
Event: 5.375 Thread 0x0000026f63597d80 1576       3       java.util.zip.ZipFile$InflaterCleanupAction::run (12 bytes)
Event: 5.376 Thread 0x0000026f63597d80 nmethod 1576 0x0000026f52697910 code [0x0000026f52697ac0, 0x0000026f52697c20]
Event: 5.376 Thread 0x0000026f63597d80 1577   !   3       java.util.zip.ZipFile$CleanableResource::releaseInflater (53 bytes)
Event: 5.377 Thread 0x0000026f63597d80 nmethod 1577 0x0000026f52697d10 code [0x0000026f52697f00, 0x0000026f52698368]

GC Heap History (2 events):
Event: 4.046 GC heap before
{Heap before GC invocations=1 (full 0):
 PSYoungGen      total 29696K, used 25600K [0x00000000eab00000, 0x00000000ecc00000, 0x0000000100000000)
  eden space 25600K, 100% used [0x00000000eab00000,0x00000000ec400000,0x00000000ec400000)
  from space 4096K, 0% used [0x00000000ec800000,0x00000000ec800000,0x00000000ecc00000)
  to   space 4096K, 0% used [0x00000000ec400000,0x00000000ec400000,0x00000000ec800000)
 ParOldGen       total 68608K, used 0K [0x00000000c0000000, 0x00000000c4300000, 0x00000000eab00000)
  object space 68608K, 0% used [0x00000000c0000000,0x00000000c0000000,0x00000000c4300000)
 Metaspace       used 4350K, committed 4544K, reserved 1114112K
  class space    used 439K, committed 512K, reserved 1048576K
}
Event: 4.066 GC heap after
{Heap after GC invocations=1 (full 0):
 PSYoungGen      total 29696K, used 3214K [0x00000000eab00000, 0x00000000ecc00000, 0x0000000100000000)
  eden space 25600K, 0% used [0x00000000eab00000,0x00000000eab00000,0x00000000ec400000)
  from space 4096K, 78% used [0x00000000ec400000,0x00000000ec723aa0,0x00000000ec800000)
  to   space 4096K, 0% used [0x00000000ec800000,0x00000000ec800000,0x00000000ecc00000)
 ParOldGen       total 68608K, used 16K [0x00000000c0000000, 0x00000000c4300000, 0x00000000eab00000)
  object space 68608K, 0% used [0x00000000c0000000,0x00000000c0004000,0x00000000c4300000)
 Metaspace       used 4350K, committed 4544K, reserved 1114112K
  class space    used 439K, committed 512K, reserved 1048576K
}

Dll operation events (8 events):
Event: 0.259 Loaded shared library c:\Users\acer\.vscode\extensions\redhat.java-1.41.1-win32-x64\jre\21.0.6-win32-x86_64\bin\java.dll
Event: 0.678 Loaded shared library c:\Users\acer\.vscode\extensions\redhat.java-1.41.1-win32-x64\jre\21.0.6-win32-x86_64\bin\zip.dll
Event: 0.773 Loaded shared library C:\Users\acer\.vscode\extensions\redhat.java-1.41.1-win32-x64\jre\21.0.6-win32-x86_64\bin\instrument.dll
Event: 0.788 Loaded shared library C:\Users\acer\.vscode\extensions\redhat.java-1.41.1-win32-x64\jre\21.0.6-win32-x86_64\bin\net.dll
Event: 0.812 Loaded shared library C:\Users\acer\.vscode\extensions\redhat.java-1.41.1-win32-x64\jre\21.0.6-win32-x86_64\bin\nio.dll
Event: 0.820 Loaded shared library C:\Users\acer\.vscode\extensions\redhat.java-1.41.1-win32-x64\jre\21.0.6-win32-x86_64\bin\zip.dll
Event: 0.934 Loaded shared library C:\Users\acer\.vscode\extensions\redhat.java-1.41.1-win32-x64\jre\21.0.6-win32-x86_64\bin\jimage.dll
Event: 1.226 Loaded shared library c:\Users\acer\.vscode\extensions\redhat.java-1.41.1-win32-x64\jre\21.0.6-win32-x86_64\bin\verify.dll

Deoptimization events (20 events):
Event: 4.915 Thread 0x0000026f4f21de60 DEOPT PACKING pc=0x0000026f59f0815c sp=0x0000007dd36f8290
Event: 4.915 Thread 0x0000026f4f21de60 DEOPT UNPACKING pc=0x0000026f59983a9c sp=0x0000007dd36f8240 mode 2
Event: 4.983 Thread 0x0000026f4f21de60 DEOPT PACKING pc=0x0000026f5263cad3 sp=0x0000007dd36f84b0
Event: 4.983 Thread 0x0000026f4f21de60 DEOPT UNPACKING pc=0x0000026f59984223 sp=0x0000007dd36f7920 mode 0
Event: 5.192 Thread 0x0000026f4f21de60 Uncommon trap: trap_request=0xffffff45 fr.pc=0x0000026f59f5b74c relative=0x00000000000000ac
Event: 5.192 Thread 0x0000026f4f21de60 Uncommon trap: reason=unstable_if action=reinterpret pc=0x0000026f59f5b74c method=java.util.concurrent.locks.ReentrantLock$NonfairSync.initialTryLock()Z @ 10 c2
Event: 5.192 Thread 0x0000026f4f21de60 DEOPT PACKING pc=0x0000026f59f5b74c sp=0x0000007dd36fe710
Event: 5.192 Thread 0x0000026f4f21de60 DEOPT UNPACKING pc=0x0000026f59983a9c sp=0x0000007dd36fe6a0 mode 2
Event: 5.193 Thread 0x0000026f4f21de60 Uncommon trap: trap_request=0xffffff45 fr.pc=0x0000026f59f5b3b4 relative=0x0000000000000094
Event: 5.193 Thread 0x0000026f4f21de60 Uncommon trap: reason=unstable_if action=reinterpret pc=0x0000026f59f5b3b4 method=java.util.concurrent.locks.ReentrantLock$Sync.tryRelease(I)Z @ 26 c2
Event: 5.193 Thread 0x0000026f4f21de60 DEOPT PACKING pc=0x0000026f59f5b3b4 sp=0x0000007dd36fe760
Event: 5.193 Thread 0x0000026f4f21de60 DEOPT UNPACKING pc=0x0000026f59983a9c sp=0x0000007dd36fe6f0 mode 2
Event: 5.265 Thread 0x0000026f69194020 Uncommon trap: trap_request=0xffffffc6 fr.pc=0x0000026f59f62914 relative=0x00000000000001b4
Event: 5.265 Thread 0x0000026f69194020 Uncommon trap: reason=bimorphic_or_optimized_type_check action=maybe_recompile pc=0x0000026f59f62914 method=java.util.concurrent.locks.AbstractQueuedSynchronizer.release(I)Z @ 2 c2
Event: 5.265 Thread 0x0000026f69194020 DEOPT PACKING pc=0x0000026f59f62914 sp=0x0000007dd47fef20
Event: 5.265 Thread 0x0000026f69194020 DEOPT UNPACKING pc=0x0000026f59983a9c sp=0x0000007dd47feec8 mode 2
Event: 5.266 Thread 0x0000026f69194020 Uncommon trap: trap_request=0xffffffc6 fr.pc=0x0000026f59f62914 relative=0x00000000000001b4
Event: 5.266 Thread 0x0000026f69194020 Uncommon trap: reason=bimorphic_or_optimized_type_check action=maybe_recompile pc=0x0000026f59f62914 method=java.util.concurrent.locks.AbstractQueuedSynchronizer.release(I)Z @ 2 c2
Event: 5.266 Thread 0x0000026f69194020 DEOPT PACKING pc=0x0000026f59f62914 sp=0x0000007dd47fef20
Event: 5.266 Thread 0x0000026f69194020 DEOPT UNPACKING pc=0x0000026f59983a9c sp=0x0000007dd47feec8 mode 2

Classes loaded (20 events):
Event: 5.238 Loading class java/util/concurrent/RunnableScheduledFuture
Event: 5.238 Loading class java/util/concurrent/RunnableFuture
Event: 5.239 Loading class java/util/concurrent/RunnableFuture done
Event: 5.239 Loading class java/util/concurrent/ScheduledFuture
Event: 5.239 Loading class java/util/concurrent/Delayed
Event: 5.242 Loading class java/util/concurrent/Delayed done
Event: 5.243 Loading class java/util/concurrent/ScheduledFuture done
Event: 5.243 Loading class java/util/concurrent/RunnableScheduledFuture done
Event: 5.247 Loading class java/util/concurrent/ScheduledThreadPoolExecutor$ScheduledFutureTask
Event: 5.247 Loading class java/util/concurrent/FutureTask
Event: 5.248 Loading class java/util/concurrent/FutureTask done
Event: 5.248 Loading class java/util/concurrent/ScheduledThreadPoolExecutor$ScheduledFutureTask done
Event: 5.249 Loading class java/util/concurrent/FutureTask$WaitNode
Event: 5.249 Loading class java/util/concurrent/FutureTask$WaitNode done
Event: 5.249 Loading class java/util/concurrent/Executors$RunnableAdapter
Event: 5.249 Loading class java/util/concurrent/Executors$RunnableAdapter done
Event: 5.249 Loading class java/util/concurrent/ThreadPoolExecutor$Worker
Event: 5.250 Loading class java/util/concurrent/ThreadPoolExecutor$Worker done
Event: 5.355 Loading class java/util/ArrayList$ListItr
Event: 5.356 Loading class java/util/ArrayList$ListItr done

Classes unloaded (0 events):
No events

Classes redefined (0 events):
No events

Internal exceptions (20 events):
Event: 3.665 Thread 0x0000026f4f21de60 Exception <a 'java/lang/NoSuchMethodError'{0x00000000ebeb1a18}: 'java.lang.ClassLoader java.lang.ClassLoader.getPlatformClassLoader(java.lang.Class)'> (0x00000000ebeb1a18) 
thrown [s\src\hotspot\share\interpreter\linkResolver.cpp, line 773]
Event: 3.908 Thread 0x0000026f4f21de60 Exception <a 'java/lang/ClassNotFoundException'{0x00000000ec2b4ba0}: sun/net/www/protocol/c/Handler> (0x00000000ec2b4ba0) 
thrown [s\src\hotspot\share\classfile\systemDictionary.cpp, line 312]
Event: 3.909 Thread 0x0000026f4f21de60 Exception <a 'java/lang/ClassNotFoundException'{0x00000000ec2b5f48}: sun/net/www/protocol/c/Handler> (0x00000000ec2b5f48) 
thrown [s\src\hotspot\share\classfile\systemDictionary.cpp, line 312]
Event: 3.909 Thread 0x0000026f4f21de60 Exception <a 'java/lang/ClassNotFoundException'{0x00000000ec2b7130}: sun/net/www/protocol/c/Handler> (0x00000000ec2b7130) 
thrown [s\src\hotspot\share\classfile\systemDictionary.cpp, line 312]
Event: 3.931 Thread 0x0000026f4f21de60 Exception <a 'java/io/FileNotFoundException'{0x00000000ec2dc178}> (0x00000000ec2dc178) 
thrown [s\src\hotspot\share\prims\jni.cpp, line 520]
Event: 4.071 Thread 0x0000026f4f21de60 Implicit null exception at 0x0000026f59f27bc9 to 0x0000026f59f2853c
Event: 4.072 Thread 0x0000026f4f21de60 Implicit null exception at 0x0000026f59f2dd1a to 0x0000026f59f2df24
Event: 4.073 Thread 0x0000026f4f21de60 Exception <a 'java/lang/NoSuchMethodError'{0x00000000eab496a8}: 'void java.lang.invoke.DirectMethodHandle$Holder.invokeStatic(java.lang.Object, java.lang.Object, java.lang.Object, java.lang.Object)'> (0x00000000eab496a8) 
thrown [s\src\hotspot\share\interpreter\linkResolver.cpp, line 773]
Event: 4.205 Thread 0x0000026f4f21de60 Exception <a 'java/lang/NoSuchMethodError'{0x00000000ead467a0}: 'long java.lang.invoke.DirectMethodHandle$Holder.invokeStatic(java.lang.Object, java.lang.Object, int)'> (0x00000000ead467a0) 
thrown [s\src\hotspot\share\interpreter\linkResolver.cpp, line 773]
Event: 4.207 Thread 0x0000026f4f21de60 Exception <a 'java/lang/NoSuchMethodError'{0x00000000ead4e2a8}: 'java.lang.Object java.lang.invoke.DirectMethodHandle$Holder.invokeSpecial(java.lang.Object, java.lang.Object, java.lang.Object, java.lang.Object, long)'> (0x00000000ead4e2a8) 
thrown [s\src\hotspot\share\interpreter\linkResolver.cpp, line 773]
Event: 4.212 Thread 0x0000026f4f21de60 Exception <a 'java/lang/NoSuchMethodError'{0x00000000ead5bf28}: 'java.lang.Object java.lang.invoke.DirectMethodHandle$Holder.invokeSpecial(java.lang.Object, java.lang.Object, java.lang.Object, int, java.lang.Object)'> (0x00000000ead5bf28) 
thrown [s\src\hotspot\share\interpreter\linkResolver.cpp, line 773]
Event: 4.218 Thread 0x0000026f4f21de60 Exception <a 'java/lang/NoSuchMethodError'{0x00000000ead734d8}: 'java.lang.Object java.lang.invoke.Invokers$Holder.invokeExact_MT(java.lang.Object, java.lang.Object, java.lang.Object, java.lang.Object, java.lang.Object, java.lang.Object)'> (0x00000000ead734d8) 
thrown [s\src\hotspot\share\interpreter\linkResolver.cpp, line 773]
Event: 4.227 Thread 0x0000026f4f21de60 Exception <a 'java/lang/NoSuchMethodError'{0x00000000ead8cd88}: 'int java.lang.invoke.DirectMethodHandle$Holder.invokeStaticInit(java.lang.Object, java.lang.Object, java.lang.Object, java.lang.Object)'> (0x00000000ead8cd88) 
thrown [s\src\hotspot\share\interpreter\linkResolver.cpp, line 773]
Event: 4.231 Thread 0x0000026f4f21de60 Exception <a 'java/lang/NoSuchMethodError'{0x00000000ead95540}: 'java.lang.Object java.lang.invoke.DirectMethodHandle$Holder.invokeInterface(java.lang.Object, java.lang.Object)'> (0x00000000ead95540) 
thrown [s\src\hotspot\share\interpreter\linkResolver.cpp, line 773]
Event: 4.232 Thread 0x0000026f4f21de60 Exception <a 'java/lang/IncompatibleClassChangeError'{0x00000000ead98a78}: Found class java.lang.Object, but interface was expected> (0x00000000ead98a78) 
thrown [s\src\hotspot\share\interpreter\linkResolver.cpp, line 840]
Event: 4.236 Thread 0x0000026f4f21de60 Exception <a 'java/lang/NoSuchMethodError'{0x00000000ead9cc30}: 'void java.lang.invoke.DirectMethodHandle$Holder.invokeStatic(java.lang.Object, java.lang.Object)'> (0x00000000ead9cc30) 
thrown [s\src\hotspot\share\interpreter\linkResolver.cpp, line 773]
Event: 4.237 Thread 0x0000026f4f21de60 Exception <a 'java/lang/NoSuchMethodError'{0x00000000ead9ffd8}: 'void java.lang.invoke.DirectMethodHandle$Holder.invokeStaticInit(java.lang.Object, java.lang.Object)'> (0x00000000ead9ffd8) 
thrown [s\src\hotspot\share\interpreter\linkResolver.cpp, line 773]
Event: 4.239 Thread 0x0000026f4f21de60 Exception <a 'java/lang/NoSuchMethodError'{0x00000000eada7038}: 'int java.lang.invoke.DirectMethodHandle$Holder.invokeStaticInit(java.lang.Object, java.lang.Object)'> (0x00000000eada7038) 
thrown [s\src\hotspot\share\interpreter\linkResolver.cpp, line 773]
Event: 4.500 Thread 0x0000026f4f21de60 Exception <a 'java/lang/NoSuchMethodError'{0x00000000eaee5a40}: 'void java.lang.invoke.DirectMethodHandle$Holder.invokeSpecial(java.lang.Object, java.lang.Object, java.lang.Object)'> (0x00000000eaee5a40) 
thrown [s\src\hotspot\share\interpreter\linkResolver.cpp, line 773]
Event: 5.100 Thread 0x0000026f4f21de60 Exception <a 'java/lang/NoSuchMethodError'{0x00000000eb787758}: 'int java.lang.invoke.DirectMethodHandle$Holder.invokeVirtual(java.lang.Object, java.lang.Object)'> (0x00000000eb787758) 
thrown [s\src\hotspot\share\interpreter\linkResolver.cpp, line 773]

ZGC Phase Switch (0 events):
No events

VM Operations (20 events):
Event: 0.997 Executing VM operation: HandshakeAllThreads (Deoptimize)
Event: 0.997 Executing VM operation: HandshakeAllThreads (Deoptimize) done
Event: 2.010 Executing VM operation: Cleanup
Event: 2.010 Executing VM operation: Cleanup done
Event: 2.725 Executing VM operation: HandshakeAllThreads (Deoptimize)
Event: 2.725 Executing VM operation: HandshakeAllThreads (Deoptimize) done
Event: 2.790 Executing VM operation: HandshakeAllThreads (Deoptimize)
Event: 2.790 Executing VM operation: HandshakeAllThreads (Deoptimize) done
Event: 3.794 Executing VM operation: Cleanup
Event: 3.794 Executing VM operation: Cleanup done
Event: 3.833 Executing VM operation: HandshakeAllThreads (Deoptimize)
Event: 3.833 Executing VM operation: HandshakeAllThreads (Deoptimize) done
Event: 4.045 Executing VM operation: ParallelGCFailedAllocation (Allocation Failure)
Event: 4.066 Executing VM operation: ParallelGCFailedAllocation (Allocation Failure) done
Event: 5.315 Executing VM operation: HandshakeAllThreads (Deoptimize)
Event: 5.316 Executing VM operation: HandshakeAllThreads (Deoptimize) done
Event: 5.316 Executing VM operation: Cleanup
Event: 5.316 Executing VM operation: Cleanup done
Event: 5.356 Executing VM operation: HandshakeAllThreads (Deoptimize)
Event: 5.356 Executing VM operation: HandshakeAllThreads (Deoptimize) done

Memory protections (0 events):
No events

Nmethod flushes (0 events):
No events

Events (16 events):
Event: 0.442 Thread 0x0000026f4f21de60 Thread added: 0x0000026f4f21de60
Event: 0.549 Thread 0x0000026f4f21de60 Thread added: 0x0000026f4f2c8bd0
Event: 0.550 Thread 0x0000026f4f21de60 Thread added: 0x0000026f4f2cb4e0
Event: 0.551 Thread 0x0000026f4f21de60 Thread added: 0x0000026f63544f70
Event: 0.551 Thread 0x0000026f4f21de60 Thread added: 0x0000026f635659d0
Event: 0.552 Thread 0x0000026f4f21de60 Thread added: 0x0000026f63566420
Event: 0.552 Thread 0x0000026f4f21de60 Thread added: 0x0000026f63566e70
Event: 0.552 Thread 0x0000026f4f21de60 Thread added: 0x0000026f63567ff0
Event: 0.559 Thread 0x0000026f4f21de60 Thread added: 0x0000026f63597d80
Event: 0.636 Thread 0x0000026f4f21de60 Thread added: 0x0000026f6430ab90
Event: 1.211 Thread 0x0000026f63567ff0 Thread added: 0x0000026f64564fe0
Event: 1.325 Thread 0x0000026f64564fe0 Thread exited: 0x0000026f64564fe0
Event: 1.665 Thread 0x0000026f4f21de60 Thread added: 0x0000026f64596370
Event: 2.406 Thread 0x0000026f63597d80 Thread added: 0x0000026f645b8190
Event: 3.333 Thread 0x0000026f645b8190 Thread exited: 0x0000026f645b8190
Event: 5.250 Thread 0x0000026f4f21de60 Thread added: 0x0000026f69194020


Dynamic libraries:
0x00007ff759520000 - 0x00007ff75952e000 	c:\Users\acer\.vscode\extensions\redhat.java-1.41.1-win32-x64\jre\21.0.6-win32-x86_64\bin\java.exe
0x00007ff9a0770000 - 0x00007ff9a0985000 	C:\WINDOWS\SYSTEM32\ntdll.dll
0x00007ff99f160000 - 0x00007ff99f224000 	C:\WINDOWS\System32\KERNEL32.DLL
0x00007ff99de00000 - 0x00007ff99e1a5000 	C:\WINDOWS\System32\KERNELBASE.dll
0x00007ff99a130000 - 0x00007ff99a1c7000 	C:\WINDOWS\SYSTEM32\apphelp.dll
0x00007ff99dce0000 - 0x00007ff99ddf1000 	C:\WINDOWS\System32\ucrtbase.dll
0x00007ff98c610000 - 0x00007ff98c628000 	c:\Users\acer\.vscode\extensions\redhat.java-1.41.1-win32-x64\jre\21.0.6-win32-x86_64\bin\jli.dll
0x00007ff99e6b0000 - 0x00007ff99e85e000 	C:\WINDOWS\System32\USER32.dll
0x00007ff99e1b0000 - 0x00007ff99e1d6000 	C:\WINDOWS\System32\win32u.dll
0x00007ff9a0390000 - 0x00007ff9a03b9000 	C:\WINDOWS\System32\GDI32.dll
0x00007ff99e1e0000 - 0x00007ff99e2f9000 	C:\WINDOWS\System32\gdi32full.dll
0x00007ff99dbd0000 - 0x00007ff99dc6a000 	C:\WINDOWS\System32\msvcp_win.dll
0x00007ff981d10000 - 0x00007ff981d2e000 	c:\Users\acer\.vscode\extensions\redhat.java-1.41.1-win32-x64\jre\21.0.6-win32-x86_64\bin\VCRUNTIME140.dll
0x00007ff98b410000 - 0x00007ff98b6a3000 	C:\WINDOWS\WinSxS\amd64_microsoft.windows.common-controls_6595b64144ccf1df_6.0.22621.2191_none_2715cffb738043a6\COMCTL32.dll
0x00007ff9a0470000 - 0x00007ff9a0517000 	C:\WINDOWS\System32\msvcrt.dll
0x00007ff99fce0000 - 0x00007ff99fd11000 	C:\WINDOWS\System32\IMM32.DLL
0x00007ff998180000 - 0x00007ff99818c000 	c:\Users\acer\.vscode\extensions\redhat.java-1.41.1-win32-x64\jre\21.0.6-win32-x86_64\bin\vcruntime140_1.dll
0x00007ff965dc0000 - 0x00007ff965e4d000 	c:\Users\acer\.vscode\extensions\redhat.java-1.41.1-win32-x64\jre\21.0.6-win32-x86_64\bin\msvcp140.dll
0x00007ff959b50000 - 0x00007ff95a8e0000 	c:\Users\acer\.vscode\extensions\redhat.java-1.41.1-win32-x64\jre\21.0.6-win32-x86_64\bin\server\jvm.dll
0x00007ff9a01e0000 - 0x00007ff9a0290000 	C:\WINDOWS\System32\ADVAPI32.dll
0x00007ff9a03c0000 - 0x00007ff9a0466000 	C:\WINDOWS\System32\sechost.dll
0x00007ff99fbc0000 - 0x00007ff99fcd7000 	C:\WINDOWS\System32\RPCRT4.dll
0x00007ff99fb40000 - 0x00007ff99fbb1000 	C:\WINDOWS\System32\WS2_32.dll
0x00007ff99d9e0000 - 0x00007ff99da2d000 	C:\WINDOWS\SYSTEM32\POWRPROF.dll
0x00007ff9955b0000 - 0x00007ff9955e4000 	C:\WINDOWS\SYSTEM32\WINMM.dll
0x00007ff995e80000 - 0x00007ff995e8a000 	C:\WINDOWS\SYSTEM32\VERSION.dll
0x00007ff99d9c0000 - 0x00007ff99d9d3000 	C:\WINDOWS\SYSTEM32\UMPDC.dll
0x00007ff99caa0000 - 0x00007ff99cab8000 	C:\WINDOWS\SYSTEM32\kernel.appcore.dll
0x00007ff995f90000 - 0x00007ff995f9a000 	c:\Users\acer\.vscode\extensions\redhat.java-1.41.1-win32-x64\jre\21.0.6-win32-x86_64\bin\jimage.dll
0x00007ff99b5d0000 - 0x00007ff99b7fe000 	C:\WINDOWS\SYSTEM32\DBGHELP.DLL
0x00007ff99edd0000 - 0x00007ff99f15a000 	C:\WINDOWS\System32\combase.dll
0x00007ff9a02b0000 - 0x00007ff9a0387000 	C:\WINDOWS\System32\OLEAUT32.dll
0x00007ff981300000 - 0x00007ff981332000 	C:\WINDOWS\SYSTEM32\dbgcore.DLL
0x00007ff99e300000 - 0x00007ff99e37a000 	C:\WINDOWS\System32\bcryptPrimitives.dll
0x00007ff995eb0000 - 0x00007ff995ebf000 	c:\Users\acer\.vscode\extensions\redhat.java-1.41.1-win32-x64\jre\21.0.6-win32-x86_64\bin\instrument.dll
0x00007ff98d7b0000 - 0x00007ff98d7cf000 	c:\Users\acer\.vscode\extensions\redhat.java-1.41.1-win32-x64\jre\21.0.6-win32-x86_64\bin\java.dll
0x00007ff99f230000 - 0x00007ff99fa68000 	C:\WINDOWS\System32\SHELL32.dll
0x00007ff99ba20000 - 0x00007ff99c30b000 	C:\WINDOWS\SYSTEM32\windows.storage.dll
0x00007ff99b8e0000 - 0x00007ff99ba1e000 	C:\WINDOWS\SYSTEM32\wintypes.dll
0x00007ff9a0630000 - 0x00007ff9a0723000 	C:\WINDOWS\System32\SHCORE.dll
0x00007ff9a0180000 - 0x00007ff9a01de000 	C:\WINDOWS\System32\shlwapi.dll
0x00007ff99da40000 - 0x00007ff99da66000 	C:\WINDOWS\SYSTEM32\profapi.dll
0x00007ff96e050000 - 0x00007ff96e068000 	c:\Users\acer\.vscode\extensions\redhat.java-1.41.1-win32-x64\jre\21.0.6-win32-x86_64\bin\zip.dll
0x00007ff9957a0000 - 0x00007ff9957b0000 	C:\Users\acer\.vscode\extensions\redhat.java-1.41.1-win32-x64\jre\21.0.6-win32-x86_64\bin\net.dll
0x00007ff995b30000 - 0x00007ff995c67000 	C:\WINDOWS\SYSTEM32\WINHTTP.dll
0x00007ff99cf70000 - 0x00007ff99cfd9000 	C:\WINDOWS\system32\mswsock.dll
0x00007ff96c470000 - 0x00007ff96c486000 	C:\Users\acer\.vscode\extensions\redhat.java-1.41.1-win32-x64\jre\21.0.6-win32-x86_64\bin\nio.dll
0x00007ff9955f0000 - 0x00007ff995600000 	c:\Users\acer\.vscode\extensions\redhat.java-1.41.1-win32-x64\jre\21.0.6-win32-x86_64\bin\verify.dll

dbghelp: loaded successfully - version: 4.0.5 - missing functions: none
symbol engine: initialized successfully - sym options: 0x614 - pdb path: .;c:\Users\acer\.vscode\extensions\redhat.java-1.41.1-win32-x64\jre\21.0.6-win32-x86_64\bin;C:\WINDOWS\SYSTEM32;C:\WINDOWS\WinSxS\amd64_microsoft.windows.common-controls_6595b64144ccf1df_6.0.22621.2191_none_2715cffb738043a6;c:\Users\acer\.vscode\extensions\redhat.java-1.41.1-win32-x64\jre\21.0.6-win32-x86_64\bin\server

VM Arguments:
jvm_args: --add-modules=ALL-SYSTEM --add-opens=java.base/java.util=ALL-UNNAMED --add-opens=java.base/java.lang=ALL-UNNAMED --add-opens=java.base/sun.nio.fs=ALL-UNNAMED -Declipse.application=org.eclipse.jdt.ls.core.id1 -Dosgi.bundles.defaultStartLevel=4 -Declipse.product=org.eclipse.jdt.ls.core.product -Djava.import.generatesMetadataFilesAtProjectRoot=false -DDetectVMInstallationsJob.disabled=true -Dfile.encoding=utf8 -XX:+UseParallelGC -XX:GCTimeRatio=4 -XX:AdaptiveSizePolicyWeight=90 -Dsun.zip.disableMemoryMapping=true -Xmx1G -Xms100m -Xlog:disable -javaagent:c:\Users\acer\.vscode\extensions\redhat.java-1.41.1-win32-x64\lombok\lombok-1.18.36.jar 
java_command: c:\Users\acer\.vscode\extensions\redhat.java-1.41.1-win32-x64\server\plugins\org.eclipse.equinox.launcher_1.7.0.v20250331-1702.jar -configuration c:\Users\acer\AppData\Roaming\Code\User\globalStorage\redhat.java\1.41.1\config_ss_win -data c:\Users\acer\AppData\Roaming\Code\User\workspaceStorage\1ece6b4978bab227496712e48a10b659\redhat.java\ss_ws --pipe=\\.\pipe\lsp-4d58ea8b28a9d742458ca65334fe1a28-sock
java_class_path (initial): c:\Users\acer\.vscode\extensions\redhat.java-1.41.1-win32-x64\server\plugins\org.eclipse.equinox.launcher_1.7.0.v20250331-1702.jar
Launcher Type: SUN_STANDARD

[Global flags]
    uintx AdaptiveSizePolicyWeight                 = 90                                        {product} {command line}
     intx CICompilerCount                          = 3                                         {product} {ergonomic}
    uintx GCTimeRatio                              = 4                                         {product} {command line}
   size_t InitialHeapSize                          = 104857600                                 {product} {command line}
   size_t MaxHeapSize                              = 1073741824                                {product} {command line}
   size_t MaxNewSize                               = 357564416                                 {product} {ergonomic}
   size_t MinHeapDeltaBytes                        = 524288                                    {product} {ergonomic}
   size_t MinHeapSize                              = 104857600                                 {product} {command line}
   size_t NewSize                                  = 34603008                                  {product} {ergonomic}
    uintx NonNMethodCodeHeapSize                   = 5832780                                {pd product} {ergonomic}
    uintx NonProfiledCodeHeapSize                  = 122912730                              {pd product} {ergonomic}
   size_t OldSize                                  = 70254592                                  {product} {ergonomic}
    uintx ProfiledCodeHeapSize                     = 122912730                              {pd product} {ergonomic}
    uintx ReservedCodeCacheSize                    = 251658240                              {pd product} {ergonomic}
     bool SegmentedCodeCache                       = true                                      {product} {ergonomic}
   size_t SoftMaxHeapSize                          = 1073741824                             {manageable} {ergonomic}
     bool UseCompressedOops                        = true                           {product lp64_product} {ergonomic}
     bool UseLargePagesIndividualAllocation        = false                                  {pd product} {ergonomic}
     bool UseParallelGC                            = true                                      {product} {command line}

Logging:
Log output configuration:
 #0: stdout all=off uptime,level,tags foldmultilines=false
 #1: stderr all=off uptime,level,tags foldmultilines=false

Environment Variables:
PATH=C:\Program Files\Common Files\Oracle\Java\javapath;C:\Program Files (x86)\NVIDIA Corporation\PhysX\Common;C:\WINDOWS\system32;C:\WINDOWS;C:\WINDOWS\System32\Wbem;C:\WINDOWS\System32\WindowsPowerShell\v1.0\;C:\WINDOWS\System32\OpenSSH\;C:\Users\acer\AppData\Local\Programs\Python\Python312;C:\Users\acer\Downloads\Compressed\mingw-w64-v11.0.0\mingw-w64-v11.0.0;C:\Users\acer\AppData\Roaming\nvm;C:\Program Files\nodejs;C:\Program Files\Git\cmd;C:\Program Files\nodejs\;C:\Program Files\Java\jdk-21\bin;;C:\Program Files\Docker\Docker\resources\bin;C:\Users\acer\AppData\Local\Programs\Python\Launcher\;C:\Users\acer\AppData\Local\Microsoft\WindowsApps;C:\Users\acer\AppData\Local\Programs\Microsoft VS Code\bin;C:\Users\acer\Downloads\Programs\MinGW\bin;C:\Users\acer\Desktop\CodeBlocks\MinGW\bin;C:\Users\acer\AppData\Roaming\nvm;C:\Program Files\nodejs;C:\Users\acer\AppData\Roaming\npm
USERNAME=acer
OS=Windows_NT
PROCESSOR_IDENTIFIER=Intel64 Family 6 Model 122 Stepping 1, GenuineIntel
TMP=C:\Users\acer\AppData\Local\Temp
TEMP=C:\Users\acer\AppData\Local\Temp




Periodic native trim disabled

---------------  S Y S T E M  ---------------

OS:
 Windows 11 , 64 bit Build 22621 (10.0.22621.2191)
OS uptime: 0 days 1:39 hours
Hyper-V role detected

CPU: total 4 (initial active 4) (4 cores per cpu, 1 threads per core) family 6 model 122 stepping 1 microcode 0x34, cx8, cmov, fxsr, mmx, 3dnowpref, sse, sse2, sse3, ssse3, sse4.1, sse4.2, popcnt, tsc, tscinvbit, aes, erms, clmul, sha, clflush, clflushopt, hv, rdtscp, rdpid
Processor Information for the first 4 processors :
  Max Mhz: 1101, Current Mhz: 1101, Mhz Limit: 1101

Memory: 4k page, system-wide physical 3918M (305M free)
TotalPageFile size 8446M (AvailPageFile size 2M)
current process WorkingSet (physical memory assigned to process): 86M, peak: 86M
current process commit charge ("private bytes"): 192M, peak: 192M

vm_info: OpenJDK 64-Bit Server VM (21.0.6+7-LTS) for windows-amd64 JRE (21.0.6+7-LTS), built on 2025-01-21T00:00:00Z by "admin" with MS VC++ 17.7 (VS2022)

END.
